<?xml version="1.0" encoding="UTF-8"?>
<!-- Generated by org.testng.reporters.JUnitXMLReporter -->
<testsuite ignored="0" hostname="LAPTOP-1DPEQS76" failures="0" tests="3" name="Default test" time="16.676" errors="0" timestamp="2026-03-05T16:20:03 IST">
  <testcase classname="com.ankit.tests.login.PositiveLoginTests" name="userShouldLoginWithValidCredentials" time="7.538"/>
  <testcase classname="com.ankit.tests.login.PositiveLoginTests" name="validateErrorForIncorrectPassword" time="4.334"/>
  <testcase classname="com.ankit.tests.login.PositiveLoginTests" name="validateErrorForIncorrectUsername" time="4.751"/>
</testsuite> <!-- Default test -->
