<?xml version="1.0" encoding="UTF-8"?>
<!-- Generated by org.testng.reporters.JUnitXMLReporter -->
<testsuite ignored="1" hostname="LAPTOP-1DPEQS76" failures="1" tests="1" name="Positive Login Tests" time="0.093" errors="0" timestamp="2026-03-07T12:45:52 IST">
  <testcase classname="com.ankit.tests.login.LoginTests" name="userShouldLoginWithValidCredentials" time="0.044">
    <failure type="java.lang.NullPointerException" message="Cannot invoke &amp;quot;org.openqa.selenium.WebDriver.findElement(org.openqa.selenium.By)&amp;quot; because &amp;quot;this.driver&amp;quot; is null">
      <![CDATA[java.lang.NullPointerException: Cannot invoke "org.openqa.selenium.WebDriver.findElement(org.openqa.selenium.By)" because "this.driver" is null
at com.ankit.tests.login.LoginTests.userShouldLoginWithValidCredentials(LoginTests.java:43)
at java.base/java.util.ArrayList.forEach(ArrayList.java:1596)
... Removed 25 stack frames]]>
    </failure>
  </testcase> <!-- userShouldLoginWithValidCredentials -->
  <testcase classname="com.ankit.tests.login.LoginTests" name="validateErrorForInvalidLogin" time="0.0">
    <ignored/>
  </testcase> <!-- validateErrorForInvalidLogin -->
</testsuite> <!-- Positive Login Tests -->
