<?xml version="1.0" encoding="UTF-8"?>
<!-- Generated by org.testng.reporters.JUnitXMLReporter -->
<testsuite ignored="1" hostname="LAPTOP-1DPEQS76" failures="0" tests="1" name="Invalid Username Test" time="4.922" errors="0" timestamp="2026-03-11T17:45:24 IST">
  <testcase classname="com.ankit.tests.login.LoginTests" name="validateErrorForInvalidLogin" time="0.531"/>
  <testcase classname="com.ankit.tests.login.LoginTests" name="userShouldLoginWithValidCredentials" time="0.0">
    <ignored/>
  </testcase> <!-- userShouldLoginWithValidCredentials -->
</testsuite> <!-- Invalid Username Test -->
