<?xml version="1.0" encoding="UTF-8"?>
<!-- Generated by org.testng.reporters.JUnitXMLReporter -->
<testsuite ignored="0" hostname="LAPTOP-1DPEQS76" failures="3" tests="4" name="Login Test" time="26.676" errors="0" timestamp="2026-03-12T17:05:28 IST">
  <testcase classname="com.ankit.tests.login.LoginTests" name="userShouldLoginWithValidCredentials" time="1.97"/>
  <testcase classname="com.ankit.tests.login.LoginTests" name="userShouldLoginWithValidCredentials" time="0.593">
    <failure type="java.lang.AssertionError" message="expected [hi] but found [Your password is invalid!]">
      <![CDATA[java.lang.AssertionError: expected [hi] but found [Your password is invalid!]
at com.ankit.tests.login.LoginTests.userShouldLoginWithValidCredentials(LoginTests.java:43)
at java.base/java.util.ArrayList.forEach(ArrayList.java:1596)
... Removed 31 stack frames]]>
    </failure>
  </testcase> <!-- userShouldLoginWithValidCredentials -->
  <testcase classname="com.ankit.tests.login.LoginTests" name="userShouldLoginWithValidCredentials" time="0.657">
    <failure type="java.lang.AssertionError" message="expected [hi] but found [Your username is invalid!]">
      <![CDATA[java.lang.AssertionError: expected [hi] but found [Your username is invalid!]
at com.ankit.tests.login.LoginTests.userShouldLoginWithValidCredentials(LoginTests.java:43)
at java.base/java.util.ArrayList.forEach(ArrayList.java:1596)
... Removed 31 stack frames]]>
    </failure>
  </testcase> <!-- userShouldLoginWithValidCredentials -->
  <testcase classname="com.ankit.tests.login.LoginTests" name="userShouldLoginWithValidCredentials" time="0.531">
    <failure type="java.lang.AssertionError" message="expected [hi] but found [Your username is invalid!]">
      <![CDATA[java.lang.AssertionError: expected [hi] but found [Your username is invalid!]
at com.ankit.tests.login.LoginTests.userShouldLoginWithValidCredentials(LoginTests.java:43)
at java.base/java.util.ArrayList.forEach(ArrayList.java:1596)
... Removed 31 stack frames]]>
    </failure>
  </testcase> <!-- userShouldLoginWithValidCredentials -->
</testsuite> <!-- Login Test -->
