<?xml version="1.0" encoding="UTF-8"?>
<!-- Generated by org.testng.reporters.JUnitXMLReporter -->
<testsuite ignored="0" hostname="LAPTOP-1DPEQS76" failures="0" tests="2" name="NegativeLoginTests" time="9.831" errors="0" timestamp="2026-03-05T13:17:19 IST">
  <testcase classname="com.ankit.tests.login.NegativeLoginTests" name="validateErrorForIncorrectPassword" time="4.682"/>
  <testcase classname="com.ankit.tests.login.NegativeLoginTests" name="validateErrorForIncorrectUsername" time="5.144"/>
</testsuite> <!-- NegativeLoginTests -->
