<?xml version="1.0" encoding="UTF-8"?>
<!-- Generated by org.testng.reporters.JUnitXMLReporter -->
<testsuite ignored="1" hostname="LAPTOP-1DPEQS76" failures="0" tests="1" name="Valid Login Test" time="7.652" errors="0" timestamp="2026-03-11T17:45:19 IST">
  <testcase classname="com.ankit.tests.login.LoginTests" name="userShouldLoginWithValidCredentials" time="1.538"/>
  <testcase classname="com.ankit.tests.login.LoginTests" name="validateErrorForInvalidLogin" time="0.0">
    <ignored/>
  </testcase> <!-- validateErrorForInvalidLogin -->
</testsuite> <!-- Valid Login Test -->
