<?xml version="1.0" encoding="UTF-8"?>
<testng-results ignored="0" total="4" passed="1" failed="3" skipped="0">
  <reporter-output>
  </reporter-output>
  <suite started-at="2026-03-12T17:05:02 IST" name="Full Regression Suite" finished-at="2026-03-12T17:05:28 IST" duration-ms="26676">
    <groups>
      <group name="regression">
        <method signature="LoginTests.userShouldLoginWithValidCredentials(java.lang.String,java.lang.String,java.lang.String,java.lang.String)[pri:0, instance:com.ankit.tests.login.LoginTests@1972e513]" name="userShouldLoginWithValidCredentials" class="com.ankit.tests.login.LoginTests"/>
      </group> <!-- regression -->
      <group name="smoke">
        <method signature="LoginTests.userShouldLoginWithValidCredentials(java.lang.String,java.lang.String,java.lang.String,java.lang.String)[pri:0, instance:com.ankit.tests.login.LoginTests@1972e513]" name="userShouldLoginWithValidCredentials" class="com.ankit.tests.login.LoginTests"/>
      </group> <!-- smoke -->
      <group name="positive">
        <method signature="LoginTests.userShouldLoginWithValidCredentials(java.lang.String,java.lang.String,java.lang.String,java.lang.String)[pri:0, instance:com.ankit.tests.login.LoginTests@1972e513]" name="userShouldLoginWithValidCredentials" class="com.ankit.tests.login.LoginTests"/>
      </group> <!-- positive -->
    </groups>
    <test started-at="2026-03-12T17:05:02 IST" name="Login Test" finished-at="2026-03-12T17:05:28 IST" duration-ms="26676">
      <class name="com.ankit.tests.login.LoginTests">
        <test-method is-config="true" signature="setup(java.lang.String)[pri:0, instance:com.ankit.tests.login.LoginTests@1972e513]" started-at="2026-03-12T17:05:02 IST" name="setup" finished-at="2026-03-12T17:05:09 IST" duration-ms="6170" status="PASS">
          <params>
            <param index="0">
              <value is-null="true"/>
            </param>
          </params>
          <reporter-output>
          </reporter-output>
        </test-method> <!-- setup -->
        <test-method signature="userShouldLoginWithValidCredentials(java.lang.String,java.lang.String,java.lang.String,java.lang.String)[pri:0, instance:com.ankit.tests.login.LoginTests@1972e513]" started-at="2026-03-12T17:05:09 IST" name="userShouldLoginWithValidCredentials" data-provider="loginData" finished-at="2026-03-12T17:05:11 IST" duration-ms="1970" status="PASS">
          <params>
            <param index="0">
              <value>
                <![CDATA[student]]>
              </value>
            </param>
            <param index="1">
              <value>
                <![CDATA[Password123]]>
              </value>
            </param>
            <param index="2">
              <value>
                <![CDATA[success]]>
              </value>
            </param>
            <param index="3">
              <value>
                <![CDATA[Logged In Successfully]]>
              </value>
            </param>
          </params>
          <reporter-output>
          </reporter-output>
        </test-method> <!-- userShouldLoginWithValidCredentials -->
        <test-method is-config="true" signature="teardown()[pri:0, instance:com.ankit.tests.login.LoginTests@1972e513]" started-at="2026-03-12T17:05:11 IST" name="teardown" finished-at="2026-03-12T17:05:11 IST" duration-ms="301" status="PASS">
          <reporter-output>
          </reporter-output>
        </test-method> <!-- teardown -->
        <test-method is-config="true" signature="setup(java.lang.String)[pri:0, instance:com.ankit.tests.login.LoginTests@1972e513]" started-at="2026-03-12T17:05:11 IST" name="setup" finished-at="2026-03-12T17:05:15 IST" duration-ms="4398" status="PASS">
          <params>
            <param index="0">
              <value is-null="true"/>
            </param>
          </params>
          <reporter-output>
          </reporter-output>
        </test-method> <!-- setup -->
        <test-method signature="userShouldLoginWithValidCredentials(java.lang.String,java.lang.String,java.lang.String,java.lang.String)[pri:0, instance:com.ankit.tests.login.LoginTests@1972e513]" started-at="2026-03-12T17:05:15 IST" name="userShouldLoginWithValidCredentials" data-provider="loginData" finished-at="2026-03-12T17:05:16 IST" duration-ms="593" status="FAIL">
          <params>
            <param index="0">
              <value>
                <![CDATA[student]]>
              </value>
            </param>
            <param index="1">
              <value>
                <![CDATA[wrongpass]]>
              </value>
            </param>
            <param index="2">
              <value>
                <![CDATA[error]]>
              </value>
            </param>
            <param index="3">
              <value>
                <![CDATA[Your password is invalid!]]>
              </value>
            </param>
          </params>
          <exception class="java.lang.AssertionError">
            <message>
              <![CDATA[expected [hi] but found [Your password is invalid!]]]>
            </message>
            <full-stacktrace>
              <![CDATA[java.lang.AssertionError: expected [hi] but found [Your password is invalid!]
at org.testng.Assert.fail(Assert.java:99)
at org.testng.Assert.failNotEquals(Assert.java:1037)
at org.testng.Assert.assertEqualsImpl(Assert.java:140)
at org.testng.Assert.assertEquals(Assert.java:122)
at org.testng.Assert.assertEquals(Assert.java:629)
at org.testng.Assert.assertEquals(Assert.java:639)
at com.ankit.tests.login.LoginTests.userShouldLoginWithValidCredentials(LoginTests.java:43)
at java.base/jdk.internal.reflect.DirectMethodHandleAccessor.invoke(DirectMethodHandleAccessor.java:103)
at java.base/java.lang.reflect.Method.invoke(Method.java:580)
at org.testng.internal.MethodInvocationHelper.invokeMethod(MethodInvocationHelper.java:133)
at org.testng.internal.TestInvoker.invokeMethod(TestInvoker.java:598)
at org.testng.internal.TestInvoker.invokeTestMethod(TestInvoker.java:173)
at org.testng.internal.MethodRunner.runInSequence(MethodRunner.java:46)
at org.testng.internal.TestInvoker$MethodInvocationAgent.invoke(TestInvoker.java:824)
at org.testng.internal.TestInvoker.invokeTestMethods(TestInvoker.java:146)
at org.testng.internal.TestMethodWorker.invokeTestMethods(TestMethodWorker.java:146)
at org.testng.internal.TestMethodWorker.run(TestMethodWorker.java:128)
at java.base/java.util.ArrayList.forEach(ArrayList.java:1596)
at org.testng.TestRunner.privateRun(TestRunner.java:794)
at org.testng.TestRunner.run(TestRunner.java:596)
at org.testng.SuiteRunner.runTest(SuiteRunner.java:377)
at org.testng.SuiteRunner.runSequentially(SuiteRunner.java:371)
at org.testng.SuiteRunner.privateRun(SuiteRunner.java:332)
at org.testng.SuiteRunner.run(SuiteRunner.java:276)
at org.testng.SuiteRunnerWorker.runSuite(SuiteRunnerWorker.java:53)
at org.testng.SuiteRunnerWorker.run(SuiteRunnerWorker.java:96)
at org.testng.TestNG.runSuitesSequentially(TestNG.java:1212)
at org.testng.TestNG.runSuitesLocally(TestNG.java:1134)
at org.testng.TestNG.runSuites(TestNG.java:1063)
at org.testng.TestNG.run(TestNG.java:1031)
at org.testng.remote.AbstractRemoteTestNG.run(AbstractRemoteTestNG.java:115)
at org.testng.remote.RemoteTestNG.initAndRun(RemoteTestNG.java:293)
at org.testng.remote.RemoteTestNG.main(RemoteTestNG.java:91)
]]>
            </full-stacktrace>
          </exception> <!-- java.lang.AssertionError -->
          <reporter-output>
          </reporter-output>
        </test-method> <!-- userShouldLoginWithValidCredentials -->
        <test-method is-config="true" signature="teardown()[pri:0, instance:com.ankit.tests.login.LoginTests@1972e513]" started-at="2026-03-12T17:05:16 IST" name="teardown" finished-at="2026-03-12T17:05:16 IST" duration-ms="312" status="PASS">
          <reporter-output>
          </reporter-output>
        </test-method> <!-- teardown -->
        <test-method is-config="true" signature="setup(java.lang.String)[pri:0, instance:com.ankit.tests.login.LoginTests@1972e513]" started-at="2026-03-12T17:05:16 IST" name="setup" finished-at="2026-03-12T17:05:21 IST" duration-ms="4867" status="PASS">
          <params>
            <param index="0">
              <value is-null="true"/>
            </param>
          </params>
          <reporter-output>
          </reporter-output>
        </test-method> <!-- setup -->
        <test-method signature="userShouldLoginWithValidCredentials(java.lang.String,java.lang.String,java.lang.String,java.lang.String)[pri:0, instance:com.ankit.tests.login.LoginTests@1972e513]" started-at="2026-03-12T17:05:21 IST" name="userShouldLoginWithValidCredentials" data-provider="loginData" finished-at="2026-03-12T17:05:22 IST" duration-ms="657" status="FAIL">
          <params>
            <param index="0">
              <value>
                <![CDATA[studentxxx]]>
              </value>
            </param>
            <param index="1">
              <value>
                <![CDATA[Password123]]>
              </value>
            </param>
            <param index="2">
              <value>
                <![CDATA[error]]>
              </value>
            </param>
            <param index="3">
              <value>
                <![CDATA[Your username is invalid!]]>
              </value>
            </param>
          </params>
          <exception class="java.lang.AssertionError">
            <message>
              <![CDATA[expected [hi] but found [Your username is invalid!]]]>
            </message>
            <full-stacktrace>
              <![CDATA[java.lang.AssertionError: expected [hi] but found [Your username is invalid!]
at org.testng.Assert.fail(Assert.java:99)
at org.testng.Assert.failNotEquals(Assert.java:1037)
at org.testng.Assert.assertEqualsImpl(Assert.java:140)
at org.testng.Assert.assertEquals(Assert.java:122)
at org.testng.Assert.assertEquals(Assert.java:629)
at org.testng.Assert.assertEquals(Assert.java:639)
at com.ankit.tests.login.LoginTests.userShouldLoginWithValidCredentials(LoginTests.java:43)
at java.base/jdk.internal.reflect.DirectMethodHandleAccessor.invoke(DirectMethodHandleAccessor.java:103)
at java.base/java.lang.reflect.Method.invoke(Method.java:580)
at org.testng.internal.MethodInvocationHelper.invokeMethod(MethodInvocationHelper.java:133)
at org.testng.internal.TestInvoker.invokeMethod(TestInvoker.java:598)
at org.testng.internal.TestInvoker.invokeTestMethod(TestInvoker.java:173)
at org.testng.internal.MethodRunner.runInSequence(MethodRunner.java:46)
at org.testng.internal.TestInvoker$MethodInvocationAgent.invoke(TestInvoker.java:824)
at org.testng.internal.TestInvoker.invokeTestMethods(TestInvoker.java:146)
at org.testng.internal.TestMethodWorker.invokeTestMethods(TestMethodWorker.java:146)
at org.testng.internal.TestMethodWorker.run(TestMethodWorker.java:128)
at java.base/java.util.ArrayList.forEach(ArrayList.java:1596)
at org.testng.TestRunner.privateRun(TestRunner.java:794)
at org.testng.TestRunner.run(TestRunner.java:596)
at org.testng.SuiteRunner.runTest(SuiteRunner.java:377)
at org.testng.SuiteRunner.runSequentially(SuiteRunner.java:371)
at org.testng.SuiteRunner.privateRun(SuiteRunner.java:332)
at org.testng.SuiteRunner.run(SuiteRunner.java:276)
at org.testng.SuiteRunnerWorker.runSuite(SuiteRunnerWorker.java:53)
at org.testng.SuiteRunnerWorker.run(SuiteRunnerWorker.java:96)
at org.testng.TestNG.runSuitesSequentially(TestNG.java:1212)
at org.testng.TestNG.runSuitesLocally(TestNG.java:1134)
at org.testng.TestNG.runSuites(TestNG.java:1063)
at org.testng.TestNG.run(TestNG.java:1031)
at org.testng.remote.AbstractRemoteTestNG.run(AbstractRemoteTestNG.java:115)
at org.testng.remote.RemoteTestNG.initAndRun(RemoteTestNG.java:293)
at org.testng.remote.RemoteTestNG.main(RemoteTestNG.java:91)
]]>
            </full-stacktrace>
          </exception> <!-- java.lang.AssertionError -->
          <reporter-output>
          </reporter-output>
        </test-method> <!-- userShouldLoginWithValidCredentials -->
        <test-method is-config="true" signature="teardown()[pri:0, instance:com.ankit.tests.login.LoginTests@1972e513]" started-at="2026-03-12T17:05:22 IST" name="teardown" finished-at="2026-03-12T17:05:23 IST" duration-ms="374" status="PASS">
          <reporter-output>
          </reporter-output>
        </test-method> <!-- teardown -->
        <test-method is-config="true" signature="setup(java.lang.String)[pri:0, instance:com.ankit.tests.login.LoginTests@1972e513]" started-at="2026-03-12T17:05:23 IST" name="setup" finished-at="2026-03-12T17:05:27 IST" duration-ms="4771" status="PASS">
          <params>
            <param index="0">
              <value is-null="true"/>
            </param>
          </params>
          <reporter-output>
          </reporter-output>
        </test-method> <!-- setup -->
        <test-method signature="userShouldLoginWithValidCredentials(java.lang.String,java.lang.String,java.lang.String,java.lang.String)[pri:0, instance:com.ankit.tests.login.LoginTests@1972e513]" started-at="2026-03-12T17:05:27 IST" name="userShouldLoginWithValidCredentials" data-provider="loginData" finished-at="2026-03-12T17:05:28 IST" duration-ms="531" status="FAIL">
          <params>
            <param index="0">
              <value>
                <![CDATA[abc]]>
              </value>
            </param>
            <param index="1">
              <value>
                <![CDATA[abc]]>
              </value>
            </param>
            <param index="2">
              <value>
                <![CDATA[error]]>
              </value>
            </param>
            <param index="3">
              <value>
                <![CDATA[Your username is invalid!]]>
              </value>
            </param>
          </params>
          <exception class="java.lang.AssertionError">
            <message>
              <![CDATA[expected [hi] but found [Your username is invalid!]]]>
            </message>
            <full-stacktrace>
              <![CDATA[java.lang.AssertionError: expected [hi] but found [Your username is invalid!]
at org.testng.Assert.fail(Assert.java:99)
at org.testng.Assert.failNotEquals(Assert.java:1037)
at org.testng.Assert.assertEqualsImpl(Assert.java:140)
at org.testng.Assert.assertEquals(Assert.java:122)
at org.testng.Assert.assertEquals(Assert.java:629)
at org.testng.Assert.assertEquals(Assert.java:639)
at com.ankit.tests.login.LoginTests.userShouldLoginWithValidCredentials(LoginTests.java:43)
at java.base/jdk.internal.reflect.DirectMethodHandleAccessor.invoke(DirectMethodHandleAccessor.java:103)
at java.base/java.lang.reflect.Method.invoke(Method.java:580)
at org.testng.internal.MethodInvocationHelper.invokeMethod(MethodInvocationHelper.java:133)
at org.testng.internal.TestInvoker.invokeMethod(TestInvoker.java:598)
at org.testng.internal.TestInvoker.invokeTestMethod(TestInvoker.java:173)
at org.testng.internal.MethodRunner.runInSequence(MethodRunner.java:46)
at org.testng.internal.TestInvoker$MethodInvocationAgent.invoke(TestInvoker.java:824)
at org.testng.internal.TestInvoker.invokeTestMethods(TestInvoker.java:146)
at org.testng.internal.TestMethodWorker.invokeTestMethods(TestMethodWorker.java:146)
at org.testng.internal.TestMethodWorker.run(TestMethodWorker.java:128)
at java.base/java.util.ArrayList.forEach(ArrayList.java:1596)
at org.testng.TestRunner.privateRun(TestRunner.java:794)
at org.testng.TestRunner.run(TestRunner.java:596)
at org.testng.SuiteRunner.runTest(SuiteRunner.java:377)
at org.testng.SuiteRunner.runSequentially(SuiteRunner.java:371)
at org.testng.SuiteRunner.privateRun(SuiteRunner.java:332)
at org.testng.SuiteRunner.run(SuiteRunner.java:276)
at org.testng.SuiteRunnerWorker.runSuite(SuiteRunnerWorker.java:53)
at org.testng.SuiteRunnerWorker.run(SuiteRunnerWorker.java:96)
at org.testng.TestNG.runSuitesSequentially(TestNG.java:1212)
at org.testng.TestNG.runSuitesLocally(TestNG.java:1134)
at org.testng.TestNG.runSuites(TestNG.java:1063)
at org.testng.TestNG.run(TestNG.java:1031)
at org.testng.remote.AbstractRemoteTestNG.run(AbstractRemoteTestNG.java:115)
at org.testng.remote.RemoteTestNG.initAndRun(RemoteTestNG.java:293)
at org.testng.remote.RemoteTestNG.main(RemoteTestNG.java:91)
]]>
            </full-stacktrace>
          </exception> <!-- java.lang.AssertionError -->
          <reporter-output>
          </reporter-output>
        </test-method> <!-- userShouldLoginWithValidCredentials -->
        <test-method is-config="true" signature="teardown()[pri:0, instance:com.ankit.tests.login.LoginTests@1972e513]" started-at="2026-03-12T17:05:28 IST" name="teardown" finished-at="2026-03-12T17:05:28 IST" duration-ms="276" status="PASS">
          <reporter-output>
          </reporter-output>
        </test-method> <!-- teardown -->
      </class> <!-- com.ankit.tests.login.LoginTests -->
    </test> <!-- Login Test -->
  </suite> <!-- Full Regression Suite -->
</testng-results>
