<?xml version="1.0" encoding="UTF-8"?>
<!-- Generated by org.testng.reporters.JUnitReportReporter -->
<testsuite hostname="LAPTOP-1DPEQS76" failures="0" tests="2" name="com.ankit.tests.login.NegativeLoginTests" time="9.826" errors="0" timestamp="2026-03-05T13:17:19 IST" skipped="0">
  <testcase classname="com.ankit.tests.login.NegativeLoginTests" name="validateErrorForIncorrectPassword" time="4.682"/>
  <system-out/>
  <testcase classname="com.ankit.tests.login.NegativeLoginTests" name="validateErrorForIncorrectUsername" time="5.144"/>
  <system-out/>
</testsuite> <!-- com.ankit.tests.login.NegativeLoginTests -->
