<?xml version="1.0" encoding="UTF-8"?>
<!-- Generated by org.testng.reporters.JUnitReportReporter -->
<testsuite hostname="LAPTOP-1DPEQS76" failures="0" tests="3" name="com.ankit.tests.login.PositiveLoginTests" time="16.623" errors="0" timestamp="2026-03-05T16:20:03 IST" skipped="0">
  <testcase classname="com.ankit.tests.login.PositiveLoginTests" name="validateErrorForIncorrectPassword" time="4.334"/>
  <system-out/>
  <testcase classname="com.ankit.tests.login.PositiveLoginTests" name="userShouldLoginWithValidCredentials" time="7.538"/>
  <system-out/>
  <testcase classname="com.ankit.tests.login.PositiveLoginTests" name="validateErrorForIncorrectUsername" time="4.751"/>
  <system-out/>
</testsuite> <!-- com.ankit.tests.login.PositiveLoginTests -->
